<?xml version="1.0" encoding="UTF-8"?>
<!-- Generated by org.testng.reporters.JUnitReportReporter -->
<testsuite hostname="LAPTOP-MAJOT9IM" failures="0" tests="1" name="test.RadioButton" time="4.593" errors="0" timestamp="2025-04-16T16:38:55 IST" skipped="0">
  <testcase classname="test.RadioButton" name="radioButton" time="4.593"/>
</testsuite> <!-- test.RadioButton -->
