<?xml version="1.0" encoding="UTF-8"?>
<!-- Generated by org.testng.reporters.JUnitReportReporter -->
<testsuite hostname="LAPTOP-MAJOT9IM" failures="0" tests="1" name="test.login" time="23.168" errors="0" timestamp="2025-03-24T13:01:21 IST" skipped="0">
  <testcase classname="test.login" name="login1" time="23.168"/>
</testsuite> <!-- test.login -->
