<?xml version="1.0" encoding="UTF-8"?>
<!-- Generated by org.testng.reporters.JUnitReportReporter -->
<testsuite hostname="LAPTOP-MAJOT9IM" failures="0" tests="2" name="practice.crossBrowserTesting" time="50.548" errors="0" timestamp="2025-07-08T15:26:20 IST" skipped="0">
  <testcase classname="practice.crossBrowserTesting" name="testBrowser" time="27.884"/>
  <testcase classname="practice.crossBrowserTesting" name="testBrowser" time="22.664"/>
</testsuite> <!-- practice.crossBrowserTesting -->
