<?xml version="1.0" encoding="UTF-8"?>
<!-- Generated by org.testng.reporters.JUnitReportReporter -->
<testsuite hostname="LAPTOP-MAJOT9IM" failures="0" tests="1" name="test.DropdownList" time="5.053" errors="0" timestamp="2025-04-16T16:29:45 IST" skipped="0">
  <testcase classname="test.DropdownList" name="dropDown" time="5.053"/>
</testsuite> <!-- test.DropdownList -->
