<?xml version="1.0" encoding="UTF-8"?>
<!-- Generated by org.testng.reporters.JUnitReportReporter -->
<testsuite hostname="LAPTOP-MAJOT9IM" failures="0" tests="2" name="practice.crossBrowserTesting" time="27.048" errors="0" timestamp="2025-07-10T14:48:31 IST" skipped="0">
  <testcase classname="practice.crossBrowserTesting" name="testBrowser" time="15.085"/>
  <testcase classname="practice.crossBrowserTesting" name="testBrowser" time="11.963"/>
</testsuite> <!-- practice.crossBrowserTesting -->
