<?xml version="1.0" encoding="UTF-8"?>
<!-- Generated by org.testng.reporters.JUnitReportReporter -->
<testsuite hostname="LAPTOP-MAJOT9IM" failures="0" tests="1" name="test.MultipleElements" time="32.297" errors="0" timestamp="2025-04-15T16:45:19 IST" skipped="0">
  <testcase classname="test.MultipleElements" name="getMultipleElements" time="32.297"/>
</testsuite> <!-- test.MultipleElements -->
