<?xml version="1.0" encoding="UTF-8"?>
<!-- Generated by org.testng.reporters.JUnitReportReporter -->
<testsuite hostname="LAPTOP-MAJOT9IM" failures="0" tests="2" name="testNG.testCaseGrouping" time="0.016" errors="0" timestamp="2025-03-24T13:01:21 IST" skipped="0">
  <testcase classname="testNG.testCaseGrouping" name="tes2" time="0.014"/>
  <testcase classname="testNG.testCaseGrouping" name="test1" time="0.002"/>
</testsuite> <!-- testNG.testCaseGrouping -->
