<?xml version="1.0" encoding="UTF-8"?>
<!-- Generated by org.testng.reporters.JUnitReportReporter -->
<testsuite hostname="LAPTOP-MAJOT9IM" failures="0" tests="3" name="DataDrivenFramework.excelDatawithTestNG" time="0.024" errors="0" timestamp="2025-04-14T21:18:49 IST" skipped="0">
  <testcase classname="DataDrivenFramework.excelDatawithTestNG" name="testExcelData" time="0.009"/>
  <testcase classname="DataDrivenFramework.excelDatawithTestNG" name="testExcelData" time="0.011"/>
  <testcase classname="DataDrivenFramework.excelDatawithTestNG" name="testExcelData" time="0.004"/>
</testsuite> <!-- DataDrivenFramework.excelDatawithTestNG -->
