<?xml version="1.0" encoding="UTF-8"?>
<!-- Generated by org.testng.reporters.JUnitReportReporter -->
<testsuite hostname="LAPTOP-MAJOT9IM" failures="0" tests="1" name="test.testTableRows" time="14.555" errors="0" timestamp="2025-04-19T12:58:51 IST" skipped="0">
  <testcase classname="test.testTableRows" name="testTableData" time="14.555"/>
</testsuite> <!-- test.testTableRows -->
