<?xml version="1.0" encoding="UTF-8"?>
<!-- Generated by org.testng.reporters.JUnitReportReporter -->
<testsuite hostname="LAPTOP-MAJOT9IM" failures="0" tests="1" name="test.ScreenShot" time="5.182" errors="0" timestamp="2025-04-17T15:12:46 IST" skipped="0">
  <testcase classname="test.ScreenShot" name="ss" time="5.182"/>
</testsuite> <!-- test.ScreenShot -->
